[INFO]	11/16/2016 06:13:55.109	[edu.illinois.backend.services.ConfigurationService::reloadProperties]	Reloading configuration file.
[WARNING]	11/16/2016 06:14:29.442	[com.vaadin.data.util.sqlcontainer.SQLContainer::getPropertyIds]	Failed to fetch property ids, rolling back
Table 'movie_matcher.actsin' doesn't exist
	sun.reflect.NativeConstructorAccessorImpl.newInstance0(Native Method)
	sun.reflect.NativeConstructorAccessorImpl.newInstance(NativeConstructorAccessorImpl.java:62)
	sun.reflect.DelegatingConstructorAccessorImpl.newInstance(DelegatingConstructorAccessorImpl.java:45)
	java.lang.reflect.Constructor.newInstance(Constructor.java:422)
	com.mysql.jdbc.Util.handleNewInstance(Util.java:404)
	com.mysql.jdbc.Util.getInstance(Util.java:387)
	com.mysql.jdbc.SQLError.createSQLException(SQLError.java:942)
	com.mysql.jdbc.MysqlIO.checkErrorPacket(MysqlIO.java:3966)
	com.mysql.jdbc.MysqlIO.checkErrorPacket(MysqlIO.java:3902)
	com.mysql.jdbc.MysqlIO.sendCommand(MysqlIO.java:2526)
	com.mysql.jdbc.MysqlIO.sqlQueryDirect(MysqlIO.java:2673)
	com.mysql.jdbc.ConnectionImpl.execSQL(ConnectionImpl.java:2545)
	com.mysql.jdbc.ConnectionImpl.execSQL(ConnectionImpl.java:2503)
	com.mysql.jdbc.StatementImpl.executeQuery(StatementImpl.java:1369)
	com.vaadin.data.util.sqlcontainer.query.FreeformQuery.getResults(FreeformQuery.java:240)
	com.vaadin.data.util.sqlcontainer.SQLContainer.getPropertyIds(SQLContainer.java:1200)
	com.vaadin.data.util.sqlcontainer.SQLContainer.<init>(SQLContainer.java:134)
	edu.illinois.backend.services.StorageService.requestQuery(StorageService.java:193)
	edu.illinois.backend.search.WebSearchModel.requestQuery(WebSearchModel.java:27)
	edu.illinois.logic.SearchPresenter.requestQuery(SearchPresenter.java:32)
	edu.illinois.web.search.WebSearchView.changeContainer(WebSearchView.java:125)
	edu.illinois.web.search.WebSearchView.lambda$setupView$71d9ffb4$1(WebSearchView.java:58)
	sun.reflect.NativeMethodAccessorImpl.invoke0(Native Method)
	sun.reflect.NativeMethodAccessorImpl.invoke(NativeMethodAccessorImpl.java:62)
	sun.reflect.DelegatingMethodAccessorImpl.invoke(DelegatingMethodAccessorImpl.java:43)
	java.lang.reflect.Method.invoke(Method.java:497)
	com.vaadin.event.ListenerMethod.receiveEvent(ListenerMethod.java:508)
	com.vaadin.event.EventRouter.fireEvent(EventRouter.java:198)
	com.vaadin.event.EventRouter.fireEvent(EventRouter.java:161)
	com.vaadin.server.AbstractClientConnector.fireEvent(AbstractClientConnector.java:1008)
	com.vaadin.ui.Button.fireClick(Button.java:377)
	com.vaadin.ui.Button$1.click(Button.java:54)
	sun.reflect.NativeMethodAccessorImpl.invoke0(Native Method)
	sun.reflect.NativeMethodAccessorImpl.invoke(NativeMethodAccessorImpl.java:62)
	sun.reflect.DelegatingMethodAccessorImpl.invoke(DelegatingMethodAccessorImpl.java:43)
	java.lang.reflect.Method.invoke(Method.java:497)
	com.vaadin.server.ServerRpcManager.applyInvocation(ServerRpcManager.java:158)
	com.vaadin.server.ServerRpcManager.applyInvocation(ServerRpcManager.java:118)
	com.vaadin.server.communication.ServerRpcHandler.handleInvocation(ServerRpcHandler.java:437)
	com.vaadin.server.communication.ServerRpcHandler.handleInvocations(ServerRpcHandler.java:408)
	com.vaadin.server.communication.ServerRpcHandler.handleRpc(ServerRpcHandler.java:273)
	com.vaadin.server.communication.UidlRequestHandler.synchronizedHandleRequest(UidlRequestHandler.java:90)
	com.vaadin.server.SynchronizedRequestHandler.handleRequest(SynchronizedRequestHandler.java:41)
	com.vaadin.server.VaadinService.handleRequest(VaadinService.java:1414)
	com.vaadin.server.VaadinServlet.service(VaadinServlet.java:365)
	javax.servlet.http.HttpServlet.service(HttpServlet.java:790)
	org.eclipse.jetty.servlet.ServletHolder.handle(ServletHolder.java:845)
	org.eclipse.jetty.servlet.ServletHandler$CachedChain.doFilter(ServletHandler.java:1689)
	org.eclipse.jetty.websocket.server.WebSocketUpgradeFilter.doFilter(WebSocketUpgradeFilter.java:225)
	org.eclipse.jetty.servlet.ServletHandler$CachedChain.doFilter(ServletHandler.java:1676)
	org.eclipse.jetty.servlet.ServletHandler.doHandle(ServletHandler.java:581)
	org.eclipse.jetty.server.handler.ScopedHandler.handle(ScopedHandler.java:143)
	org.eclipse.jetty.security.SecurityHandler.handle(SecurityHandler.java:548)
	org.eclipse.jetty.server.session.SessionHandler.doHandle(SessionHandler.java:226)
	org.eclipse.jetty.server.handler.ContextHandler.doHandle(ContextHandler.java:1180)
	org.eclipse.jetty.servlet.ServletHandler.doScope(ServletHandler.java:511)
	org.eclipse.jetty.server.session.SessionHandler.doScope(SessionHandler.java:185)
	org.eclipse.jetty.server.handler.ContextHandler.doScope(ContextHandler.java:1112)
	org.eclipse.jetty.server.handler.ScopedHandler.handle(ScopedHandler.java:141)
	org.eclipse.jetty.server.handler.ContextHandlerCollection.handle(ContextHandlerCollection.java:213)
	org.eclipse.jetty.server.handler.HandlerCollection.handle(HandlerCollection.java:119)
	org.eclipse.jetty.server.handler.HandlerWrapper.handle(HandlerWrapper.java:134)
	org.eclipse.jetty.server.Server.handle(Server.java:524)
	org.eclipse.jetty.server.HttpChannel.handle(HttpChannel.java:319)
	org.eclipse.jetty.server.HttpConnection.onFillable(HttpConnection.java:253)
	org.eclipse.jetty.io.AbstractConnection$ReadCallback.succeeded(AbstractConnection.java:273)
	org.eclipse.jetty.io.FillInterest.fillable(FillInterest.java:95)
	org.eclipse.jetty.io.SelectChannelEndPoint$2.run(SelectChannelEndPoint.java:93)
	org.eclipse.jetty.util.thread.strategy.ExecuteProduceConsume.executeProduceConsume(ExecuteProduceConsume.java:303)
	org.eclipse.jetty.util.thread.strategy.ExecuteProduceConsume.produceConsume(ExecuteProduceConsume.java:148)
	org.eclipse.jetty.util.thread.strategy.ExecuteProduceConsume.run(ExecuteProduceConsume.java:136)
	org.eclipse.jetty.util.thread.QueuedThreadPool.runJob(QueuedThreadPool.java:671)
	org.eclipse.jetty.util.thread.QueuedThreadPool$2.run(QueuedThreadPool.java:589)
	java.lang.Thread.run(Thread.java:745)
